<?xml version="1.0" encoding="UTF-8"?>
<!-- Generated by org.testng.reporters.JUnitReportReporter -->
<testsuite hostname="DESKTOP-KQBH998" failures="0" tests="5" name="com.Datadriven" time="2.160" errors="0" timestamp="2023-12-18T19:10:39 IST" skipped="0">
  <testcase classname="com.Datadriven" name="login" time="0.430"/>
  <testcase classname="com.Datadriven" name="login" time="0.436"/>
  <testcase classname="com.Datadriven" name="login" time="0.430"/>
  <testcase classname="com.Datadriven" name="login" time="0.426"/>
  <testcase classname="com.Datadriven" name="login" time="0.438"/>
</testsuite> <!-- com.Datadriven -->
