<?xml version="1.0" encoding="UTF-8"?>
<!-- Generated by org.testng.reporters.JUnitReportReporter -->
<testsuite hostname="DESKTOP-KQBH998" failures="0" tests="5" name="com.HybridFramwork" time="6.756" errors="0" timestamp="2023-12-20T19:15:48 IST" skipped="0">
  <testcase classname="com.HybridFramwork" name="test" time="0.368"/>
  <testcase classname="com.HybridFramwork" name="test" time="3.719"/>
  <testcase classname="com.HybridFramwork" name="test" time="0.267"/>
  <testcase classname="com.HybridFramwork" name="test" time="0.307"/>
  <testcase classname="com.HybridFramwork" name="test" time="2.095"/>
</testsuite> <!-- com.HybridFramwork -->
