<?xml version="1.0" encoding="UTF-8"?>
<!-- Generated by org.testng.reporters.JUnitReportReporter -->
<testsuite hostname="DESKTOP-KQBH998" failures="0" tests="4" name="org.Dartadriven" time="0.041" errors="0" timestamp="2023-12-18T14:51:24 IST" skipped="0">
  <testcase classname="org.Dartadriven" name="test" time="0.004"/>
  <testcase classname="org.Dartadriven" name="test" time="0.003"/>
  <testcase classname="org.Dartadriven" name="test" time="0.007"/>
  <testcase classname="org.Dartadriven" name="test" time="0.027"/>
</testsuite> <!-- org.Dartadriven -->
