<?xml version="1.0" encoding="UTF-8"?>
<!-- Generated by org.testng.reporters.JUnitReportReporter -->
<testsuite hostname="DESKTOP-KQBH998" failures="0" tests="1" name="com.Dynamic" time="7.942" errors="0" timestamp="2023-12-15T14:45:50 IST" skipped="0">
  <testcase classname="com.Dynamic" name="test" time="7.942"/>
</testsuite> <!-- com.Dynamic -->
