<?xml version="1.0" encoding="UTF-8"?>
<!-- Generated by org.testng.reporters.JUnitReportReporter -->
<testsuite hostname="DESKTOP-KQBH998" failures="0" tests="1" name="com.LoginTest" time="10.218" errors="0" timestamp="2023-12-29T18:45:56 IST" skipped="0">
  <testcase classname="com.LoginTest" name="myTest" time="10.218"/>
</testsuite> <!-- com.LoginTest -->
