<?xml version="1.0" encoding="UTF-8"?>
<!-- Generated by org.testng.reporters.JUnitReportReporter -->
<testsuite hostname="DESKTOP-KQBH998" failures="0" tests="5" name="com.Account" time="0.017" errors="0" timestamp="2024-01-05T18:48:32 IST" skipped="0">
  <testcase classname="com.Account" name="loanAccount" time="0.005"/>
  <testcase classname="com.Account" name="currentAccout" time="0.002"/>
  <testcase classname="com.Account" name="currentAccout" time="0.005"/>
  <testcase classname="com.Account" name="loanAccount" time="0.003"/>
  <testcase classname="com.Account" name="savingAccount" time="0.002"/>
</testsuite> <!-- com.Account -->
