<?xml version="1.0" encoding="UTF-8"?>
<!-- Generated by org.testng.reporters.JUnitReportReporter -->
<testsuite hostname="DESKTOP-KQBH998" failures="0" tests="4" name="basic.NewTest" time="0.049" errors="0" timestamp="2023-12-06T18:59:32 IST" skipped="1">
  <testcase classname="basic.NewTest" name="test" time="0.020"/>
  <testcase classname="basic.NewTest" name="gama" time="0.005"/>
  <testcase classname="basic.NewTest" name="alpha" time="0.024"/>
  <testcase classname="basic.NewTest" name="beta">
    <skipped/>
  </testcase> <!-- beta -->
</testsuite> <!-- basic.NewTest -->
