<?xml version="1.0" encoding="UTF-8"?>
<!-- Generated by org.testng.reporters.JUnitReportReporter -->
<testsuite hostname="DESKTOP-KQBH998" failures="0" tests="2" name="basic.CrossBrowser" time="20.331" errors="0" timestamp="2023-12-27T19:01:43 IST" skipped="0">
  <testcase classname="basic.CrossBrowser" name="login" time="6.782"/>
  <testcase classname="basic.CrossBrowser" name="login" time="13.549"/>
</testsuite> <!-- basic.CrossBrowser -->
