<?xml version="1.0" encoding="UTF-8"?>
<!-- Generated by org.testng.reporters.JUnitReportReporter -->
<testsuite hostname="DESKTOP-KQBH998" failures="0" tests="1" name="basic.ExceptionDemo" time="0.022" errors="0" timestamp="2023-12-27T18:49:13 IST" skipped="0">
  <testcase classname="basic.ExceptionDemo" name="test" time="0.022"/>
</testsuite> <!-- basic.ExceptionDemo -->
